2015-11-10 15:26:56 10fc InnoDB: Warning: Using innodb_additional_mem_pool_size is DEPRECATED. This option may be removed in future releases, together with the option innodb_use_sys_malloc and with the InnoDB's internal memory allocator.
2015-11-10 15:26:56 4348 [Note] InnoDB: Using mutexes to ref count buffer pool pages
2015-11-10 15:26:56 4348 [Note] InnoDB: The InnoDB memory heap is disabled
2015-11-10 15:26:56 4348 [Note] InnoDB: Mutexes and rw_locks use Windows interlocked functions
2015-11-10 15:26:56 4348 [Note] InnoDB: Memory barrier is not used
2015-11-10 15:26:56 4348 [Note] InnoDB: Compressed tables use zlib 1.2.3
2015-11-10 15:26:56 4348 [Note] InnoDB: Not using CPU crc32 instructions
2015-11-10 15:26:56 4348 [Note] InnoDB: Initializing buffer pool, size = 16.0M
2015-11-10 15:26:56 4348 [Note] InnoDB: Completed initialization of buffer pool
2015-11-10 15:26:56 4348 [Note] InnoDB: Highest supported file format is Barracuda.
2015-11-10 15:26:57 4348 [Note] InnoDB: 128 rollback segment(s) are active.
2015-11-10 15:26:57 4348 [Note] InnoDB: Waiting for purge to start
2015-11-10 15:26:57 4348 [Note] InnoDB:  Percona XtraDB (http://www.percona.com) 5.6.26-74.0 started; log sequence number 1835027
2015-11-10 15:26:57 6140 [Note] InnoDB: Dumping buffer pool(s) not yet started
2015-11-10 15:26:57 4348 [Note] Plugin 'FEEDBACK' is disabled.
2015-11-10 15:26:57 4348 [Note] Server socket created on IP: '::'.
2015-11-10 15:26:57 4348 [Note] Event Scheduler: Loaded 0 events
2015-11-10 15:26:57 4348 [Note] C:\xampp\mysql\bin\mysqld.exe: ready for connections.
Version: '10.1.8-MariaDB'  socket: ''  port: 3306  mariadb.org binary distribution
2015-11-10 15:27:11 5152 [Note] C:\xampp\mysql\bin\mysqld.exe: Normal shutdown

2015-11-10 15:27:11 5152 [Note] Event Scheduler: Purging the queue. 0 events
2015-11-10 15:27:11 5732 [Note] InnoDB: FTS optimize thread exiting.
2015-11-10 15:27:11 5152 [Note] InnoDB: Starting shutdown...
2015-11-10 15:27:13 5152 [Note] InnoDB: Shutdown completed; log sequence number 1835037
2015-11-10 15:27:13 5152 [Note] C:\xampp\mysql\bin\mysqld.exe: Shutdown complete

2019-01-07 01:10:13 1f54 InnoDB: Warning: Using innodb_additional_mem_pool_size is DEPRECATED. This option may be removed in future releases, together with the option innodb_use_sys_malloc and with the InnoDB's internal memory allocator.
2019-01-07  1:10:13 8020 [Note] InnoDB: innodb_empty_free_list_algorithm has been changed to legacy because of small buffer pool size. In order to use backoff, increase buffer pool at least up to 20MB.

2019-01-07  1:10:13 8020 [Note] InnoDB: Using mutexes to ref count buffer pool pages
2019-01-07  1:10:13 8020 [Note] InnoDB: The InnoDB memory heap is disabled
2019-01-07  1:10:13 8020 [Note] InnoDB: Mutexes and rw_locks use Windows interlocked functions
2019-01-07  1:10:13 8020 [Note] InnoDB: _mm_lfence() and _mm_sfence() are used for memory barrier
2019-01-07  1:10:13 8020 [Note] InnoDB: Compressed tables use zlib 1.2.11
2019-01-07  1:10:13 8020 [Note] InnoDB: Using generic crc32 instructions
2019-01-07  1:10:13 8020 [Note] InnoDB: Initializing buffer pool, size = 16.0M
2019-01-07  1:10:13 8020 [Note] InnoDB: Completed initialization of buffer pool
2019-01-07  1:10:14 8020 [Note] InnoDB: Highest supported file format is Barracuda.
2019-01-07  1:10:14 8020 [Note] InnoDB: 128 rollback segment(s) are active.
2019-01-07  1:10:14 8020 [Note] InnoDB: Waiting for purge to start
2019-01-07  1:10:14 8020 [Note] InnoDB:  Percona XtraDB (http://www.percona.com) 5.6.41-84.1 started; log sequence number 1835037
2019-01-07  1:10:14 9832 [Note] InnoDB: Dumping buffer pool(s) not yet started
2019-01-07  1:10:14 8020 [Note] Plugin 'FEEDBACK' is disabled.
2019-01-07  1:10:14 8020 [Note] Server socket created on IP: '::'.
2019-01-07  1:10:14 8020 [Note] c:\xampp\mysql\bin\mysqld.exe: ready for connections.
Version: '10.1.37-MariaDB'  socket: ''  port: 3306  mariadb.org binary distribution
2019-01-17 18:51:40 c010 InnoDB: Warning: Using innodb_additional_mem_pool_size is DEPRECATED. This option may be removed in future releases, together with the option innodb_use_sys_malloc and with the InnoDB's internal memory allocator.
2019-01-17 18:51:40 49168 [Note] InnoDB: innodb_empty_free_list_algorithm has been changed to legacy because of small buffer pool size. In order to use backoff, increase buffer pool at least up to 20MB.

2019-01-17 18:51:40 49168 [Note] InnoDB: Using mutexes to ref count buffer pool pages
2019-01-17 18:51:40 49168 [Note] InnoDB: The InnoDB memory heap is disabled
2019-01-17 18:51:40 49168 [Note] InnoDB: Mutexes and rw_locks use Windows interlocked functions
2019-01-17 18:51:40 49168 [Note] InnoDB: _mm_lfence() and _mm_sfence() are used for memory barrier
2019-01-17 18:51:40 49168 [Note] InnoDB: Compressed tables use zlib 1.2.11
2019-01-17 18:51:40 49168 [Note] InnoDB: Using generic crc32 instructions
2019-01-17 18:51:40 49168 [Note] InnoDB: Initializing buffer pool, size = 16.0M
2019-01-17 18:51:40 49168 [Note] InnoDB: Completed initialization of buffer pool
2019-01-17 18:51:40 49168 [Note] InnoDB: Highest supported file format is Barracuda.
2019-01-17 18:51:40 49168 [Note] InnoDB: The log sequence number 1835037 in ibdata file do not match the log sequence number 1855575 in the ib_logfiles!
2019-01-17 18:51:40 49168 [Note] InnoDB: Restoring possible half-written data pages from the doublewrite buffer...
2019-01-17 18:51:41 49168 [Note] InnoDB: 128 rollback segment(s) are active.
2019-01-17 18:51:41 49168 [Note] InnoDB: Waiting for purge to start
2019-01-17 18:51:41 49168 [Note] InnoDB:  Percona XtraDB (http://www.percona.com) 5.6.41-84.1 started; log sequence number 1855575
2019-01-17 18:51:41 42652 [Note] InnoDB: Dumping buffer pool(s) not yet started
2019-01-17 18:51:41 49168 [Note] Plugin 'FEEDBACK' is disabled.
2019-01-17 18:51:41 49168 [Note] Server socket created on IP: '::'.
2019-01-17 18:51:41 49168 [Note] c:\xampp\mysql\bin\mysqld.exe: ready for connections.
Version: '10.1.37-MariaDB'  socket: ''  port: 3306  mariadb.org binary distribution
2019-01-21 01:17:59 1368 InnoDB: Warning: Using innodb_additional_mem_pool_size is DEPRECATED. This option may be removed in future releases, together with the option innodb_use_sys_malloc and with the InnoDB's internal memory allocator.
2019-01-21  1:17:59 4968 [Note] InnoDB: innodb_empty_free_list_algorithm has been changed to legacy because of small buffer pool size. In order to use backoff, increase buffer pool at least up to 20MB.

2019-01-21  1:17:59 4968 [Note] InnoDB: Using mutexes to ref count buffer pool pages
2019-01-21  1:17:59 4968 [Note] InnoDB: The InnoDB memory heap is disabled
2019-01-21  1:17:59 4968 [Note] InnoDB: Mutexes and rw_locks use Windows interlocked functions
2019-01-21  1:17:59 4968 [Note] InnoDB: _mm_lfence() and _mm_sfence() are used for memory barrier
2019-01-21  1:17:59 4968 [Note] InnoDB: Compressed tables use zlib 1.2.11
2019-01-21  1:17:59 4968 [Note] InnoDB: Using generic crc32 instructions
2019-01-21  1:17:59 4968 [Note] InnoDB: Initializing buffer pool, size = 16.0M
2019-01-21  1:17:59 4968 [Note] InnoDB: Completed initialization of buffer pool
2019-01-21  1:17:59 4968 [Note] InnoDB: Highest supported file format is Barracuda.
2019-01-21  1:17:59 4968 [Note] InnoDB: The log sequence number 1835037 in ibdata file do not match the log sequence number 1861732 in the ib_logfiles!
2019-01-21  1:17:59 4968 [Note] InnoDB: Restoring possible half-written data pages from the doublewrite buffer...
2019-01-21  1:18:00 4968 [Note] InnoDB: 128 rollback segment(s) are active.
2019-01-21  1:18:00 4968 [Note] InnoDB: Waiting for purge to start
2019-01-21  1:18:00 4968 [Note] InnoDB:  Percona XtraDB (http://www.percona.com) 5.6.41-84.1 started; log sequence number 1861732
2019-01-21  1:18:00 10796 [Note] InnoDB: Dumping buffer pool(s) not yet started
2019-01-21  1:18:00 4968 [Note] Plugin 'FEEDBACK' is disabled.
2019-01-21  1:18:00 4968 [Note] Server socket created on IP: '::'.
2019-01-21  1:18:00 4968 [Note] c:\xampp\mysql\bin\mysqld.exe: ready for connections.
Version: '10.1.37-MariaDB'  socket: ''  port: 3306  mariadb.org binary distribution
2019-01-21 07:57:53 31a0 InnoDB: Warning: Using innodb_additional_mem_pool_size is DEPRECATED. This option may be removed in future releases, together with the option innodb_use_sys_malloc and with the InnoDB's internal memory allocator.
2019-01-21  7:57:53 12704 [Note] InnoDB: innodb_empty_free_list_algorithm has been changed to legacy because of small buffer pool size. In order to use backoff, increase buffer pool at least up to 20MB.

2019-01-21  7:57:53 12704 [Note] InnoDB: Using mutexes to ref count buffer pool pages
2019-01-21  7:57:53 12704 [Note] InnoDB: The InnoDB memory heap is disabled
2019-01-21  7:57:53 12704 [Note] InnoDB: Mutexes and rw_locks use Windows interlocked functions
2019-01-21  7:57:53 12704 [Note] InnoDB: _mm_lfence() and _mm_sfence() are used for memory barrier
2019-01-21  7:57:53 12704 [Note] InnoDB: Compressed tables use zlib 1.2.11
2019-01-21  7:57:53 12704 [Note] InnoDB: Using generic crc32 instructions
2019-01-21  7:57:53 12704 [Note] InnoDB: Initializing buffer pool, size = 16.0M
2019-01-21  7:57:53 12704 [Note] InnoDB: Completed initialization of buffer pool
2019-01-21  7:57:53 12704 [Note] InnoDB: Highest supported file format is Barracuda.
2019-01-21  7:57:53 12704 [Note] InnoDB: The log sequence number 1835037 in ibdata file do not match the log sequence number 1994403 in the ib_logfiles!
2019-01-21  7:57:53 12704 [Note] InnoDB: Restoring possible half-written data pages from the doublewrite buffer...
2019-01-21  7:57:53 12704 [Note] InnoDB: 128 rollback segment(s) are active.
2019-01-21  7:57:53 12704 [Note] InnoDB: Waiting for purge to start
2019-01-21  7:57:53 12704 [Note] InnoDB:  Percona XtraDB (http://www.percona.com) 5.6.41-84.1 started; log sequence number 1994403
2019-01-21  7:57:53 6092 [Note] InnoDB: Dumping buffer pool(s) not yet started
2019-01-21  7:57:53 12704 [Note] Plugin 'FEEDBACK' is disabled.
2019-01-21  7:57:53 12704 [Note] Server socket created on IP: '::'.
2019-01-21  7:57:53 12704 [Note] c:\xampp\mysql\bin\mysqld.exe: ready for connections.
Version: '10.1.37-MariaDB'  socket: ''  port: 3306  mariadb.org binary distribution
